<?xml version="1.0" encoding="UTF-8"?>
<testng-results skipped="0" failed="0" total="1" passed="1">
  <reporter-output>
  </reporter-output>
  <suite name="Default suite" duration-ms="16059" started-at="2020-05-01T13:41:16Z" finished-at="2020-05-01T13:41:32Z">
    <groups>
    </groups>
    <test name="Default test" duration-ms="16059" started-at="2020-05-01T13:41:16Z" finished-at="2020-05-01T13:41:32Z">
      <class name="FileDownloadConcept_Chrome">
        <test-method status="PASS" signature="test()[pri:0, instance:FileDownloadConcept_Chrome@16216b3]" name="test" duration-ms="16026" started-at="2020-05-01T19:11:16Z" finished-at="2020-05-01T19:11:32Z">
          <reporter-output>
          </reporter-output>
        </test-method> <!-- test -->
      </class> <!-- FileDownloadConcept_Chrome -->
    </test> <!-- Default test -->
  </suite> <!-- Default suite -->
</testng-results>
